  [1m[35m (465.1ms)[0m  [1m[35mCREATE DATABASE "flavorbase_development" ENCODING = 'unicode'[0m
  ↳ bin/rails:9
  [1m[35m (264.2ms)[0m  [1m[35mCREATE DATABASE "flavorbase_test" ENCODING = 'unicode'[0m
  ↳ bin/rails:9
Started GET "/" for ::1 at 2019-06-07 14:26:28 -0700
Processing by Rails::WelcomeController#index as HTML
  Rendering /Users/matthew/.rbenv/versions/2.6.3/lib/ruby/gems/2.6.0/gems/railties-5.2.3/lib/rails/templates/rails/welcome/index.html.erb
  Rendered /Users/matthew/.rbenv/versions/2.6.3/lib/ruby/gems/2.6.0/gems/railties-5.2.3/lib/rails/templates/rails/welcome/index.html.erb (3.7ms)
Completed 200 OK in 12ms (Views: 10.0ms | ActiveRecord: 0.0ms)


Started GET "/" for ::1 at 2019-06-07 16:32:06 -0500
  
PG::ConnectionBad (could not connect to server: No such file or directory
	Is the server running locally and accepting
	connections on Unix domain socket "/tmp/.s.PGSQL.5432"?
):
  
pg (1.1.4) lib/pg.rb:56:in `initialize'
pg (1.1.4) lib/pg.rb:56:in `new'
pg (1.1.4) lib/pg.rb:56:in `connect'
activerecord (5.2.3) lib/active_record/connection_adapters/postgresql_adapter.rb:692:in `connect'
activerecord (5.2.3) lib/active_record/connection_adapters/postgresql_adapter.rb:223:in `initialize'
activerecord (5.2.3) lib/active_record/connection_adapters/postgresql_adapter.rb:48:in `new'
activerecord (5.2.3) lib/active_record/connection_adapters/postgresql_adapter.rb:48:in `postgresql_connection'
activerecord (5.2.3) lib/active_record/connection_adapters/abstract/connection_pool.rb:811:in `new_connection'
activerecord (5.2.3) lib/active_record/connection_adapters/abstract/connection_pool.rb:855:in `checkout_new_connection'
activerecord (5.2.3) lib/active_record/connection_adapters/abstract/connection_pool.rb:834:in `try_to_checkout_new_connection'
activerecord (5.2.3) lib/active_record/connection_adapters/abstract/connection_pool.rb:795:in `acquire_connection'
activerecord (5.2.3) lib/active_record/connection_adapters/abstract/connection_pool.rb:523:in `checkout'
activerecord (5.2.3) lib/active_record/connection_adapters/abstract/connection_pool.rb:382:in `connection'
activerecord (5.2.3) lib/active_record/connection_adapters/abstract/connection_pool.rb:1014:in `retrieve_connection'
activerecord (5.2.3) lib/active_record/connection_handling.rb:118:in `retrieve_connection'
activerecord (5.2.3) lib/active_record/connection_handling.rb:90:in `connection'
activerecord (5.2.3) lib/active_record/migration.rb:554:in `call'
actionpack (5.2.3) lib/action_dispatch/middleware/callbacks.rb:28:in `block in call'
activesupport (5.2.3) lib/active_support/callbacks.rb:98:in `run_callbacks'
actionpack (5.2.3) lib/action_dispatch/middleware/callbacks.rb:26:in `call'
actionpack (5.2.3) lib/action_dispatch/middleware/executor.rb:14:in `call'
actionpack (5.2.3) lib/action_dispatch/middleware/debug_exceptions.rb:61:in `call'
actionpack (5.2.3) lib/action_dispatch/middleware/show_exceptions.rb:33:in `call'
railties (5.2.3) lib/rails/rack/logger.rb:38:in `call_app'
railties (5.2.3) lib/rails/rack/logger.rb:26:in `block in call'
activesupport (5.2.3) lib/active_support/tagged_logging.rb:71:in `block in tagged'
activesupport (5.2.3) lib/active_support/tagged_logging.rb:28:in `tagged'
activesupport (5.2.3) lib/active_support/tagged_logging.rb:71:in `tagged'
railties (5.2.3) lib/rails/rack/logger.rb:26:in `call'
actionpack (5.2.3) lib/action_dispatch/middleware/remote_ip.rb:81:in `call'
actionpack (5.2.3) lib/action_dispatch/middleware/request_id.rb:27:in `call'
rack (2.0.7) lib/rack/runtime.rb:22:in `call'
activesupport (5.2.3) lib/active_support/cache/strategy/local_cache_middleware.rb:29:in `call'
actionpack (5.2.3) lib/action_dispatch/middleware/executor.rb:14:in `call'
actionpack (5.2.3) lib/action_dispatch/middleware/static.rb:127:in `call'
rack (2.0.7) lib/rack/sendfile.rb:111:in `call'
railties (5.2.3) lib/rails/engine.rb:524:in `call'
puma (3.12.1) lib/puma/configuration.rb:227:in `call'
puma (3.12.1) lib/puma/server.rb:660:in `handle_request'
puma (3.12.1) lib/puma/server.rb:474:in `process_client'
puma (3.12.1) lib/puma/server.rb:334:in `block in run'
puma (3.12.1) lib/puma/thread_pool.rb:135:in `block in spawn_thread'
  [1m[35m (598.8ms)[0m  [1m[35mCREATE DATABASE "flavorbase_development" ENCODING = 'unicode'[0m
  ↳ bin/rails:9
  [1m[35m (516.5ms)[0m  [1m[35mCREATE DATABASE "flavorbase_test" ENCODING = 'unicode'[0m
  ↳ bin/rails:9
Started GET "/" for ::1 at 2019-06-07 16:37:17 -0500
Processing by Rails::WelcomeController#index as HTML
  Rendering /Users/josecarlos/.rbenv/versions/2.6.3/lib/ruby/gems/2.6.0/gems/railties-5.2.3/lib/rails/templates/rails/welcome/index.html.erb
  Rendered /Users/josecarlos/.rbenv/versions/2.6.3/lib/ruby/gems/2.6.0/gems/railties-5.2.3/lib/rails/templates/rails/welcome/index.html.erb (11.9ms)
Completed 200 OK in 41ms (Views: 30.7ms | ActiveRecord: 0.0ms)


Started GET "/favicon.ico" for ::1 at 2019-06-07 16:37:18 -0500
  
ActionController::RoutingError (No route matches [GET] "/favicon.ico"):
  
actionpack (5.2.3) lib/action_dispatch/middleware/debug_exceptions.rb:65:in `call'
actionpack (5.2.3) lib/action_dispatch/middleware/show_exceptions.rb:33:in `call'
railties (5.2.3) lib/rails/rack/logger.rb:38:in `call_app'
railties (5.2.3) lib/rails/rack/logger.rb:26:in `block in call'
activesupport (5.2.3) lib/active_support/tagged_logging.rb:71:in `block in tagged'
activesupport (5.2.3) lib/active_support/tagged_logging.rb:28:in `tagged'
activesupport (5.2.3) lib/active_support/tagged_logging.rb:71:in `tagged'
railties (5.2.3) lib/rails/rack/logger.rb:26:in `call'
actionpack (5.2.3) lib/action_dispatch/middleware/remote_ip.rb:81:in `call'
actionpack (5.2.3) lib/action_dispatch/middleware/request_id.rb:27:in `call'
rack (2.0.7) lib/rack/runtime.rb:22:in `call'
activesupport (5.2.3) lib/active_support/cache/strategy/local_cache_middleware.rb:29:in `call'
actionpack (5.2.3) lib/action_dispatch/middleware/executor.rb:14:in `call'
actionpack (5.2.3) lib/action_dispatch/middleware/static.rb:127:in `call'
rack (2.0.7) lib/rack/sendfile.rb:111:in `call'
railties (5.2.3) lib/rails/engine.rb:524:in `call'
puma (3.12.1) lib/puma/configuration.rb:227:in `call'
puma (3.12.1) lib/puma/server.rb:660:in `handle_request'
puma (3.12.1) lib/puma/server.rb:474:in `process_client'
puma (3.12.1) lib/puma/server.rb:334:in `block in run'
puma (3.12.1) lib/puma/thread_pool.rb:135:in `block in spawn_thread'
Started GET "/beers/" for ::1 at 2019-06-07 18:35:05 -0500
  
ArgumentError (Before process_action callback :verify_authenticity_token has not been defined):
  
app/controllers/beers_controller.rb:3:in `<class:BeersController>'
app/controllers/beers_controller.rb:1:in `<main>'
Started GET "/beers/" for ::1 at 2019-06-07 18:43:39 -0500
  
ArgumentError (Before process_action callback :verify_authenticity_token has not been defined):
  
app/controllers/beers_controller.rb:3:in `<class:BeersController>'
app/controllers/beers_controller.rb:1:in `<main>'
Started GET "/beers/" for ::1 at 2019-06-07 18:45:53 -0500
Processing by BeersController#index as */*
  Parameters: {"task_item"=>"RANDOM", "completed"=>true, "beer"=>{"task_item"=>"RANDOM", "completed"=>true}}
Completed 200 OK in 24ms (Views: 0.7ms | ActiveRecord: 0.0ms)


Started POST "/beers/" for ::1 at 2019-06-07 18:49:53 -0500
Processing by BeersController#create as */*
  Parameters: {"date"=>"06/06/19", "brand"=>"White Elephant", "origin"=>"California", "location"=>"Arizona", "rating"=>9, "favorite"=>true, "flavors"=>"hops, watermelon, mint", "beer"=>{"date"=>"06/06/19", "brand"=>"White Elephant", "origin"=>"California", "location"=>"Arizona", "rating"=>9, "favorite"=>true, "flavors"=>"hops, watermelon, mint"}}
Completed 500 Internal Server Error in 9ms (ActiveRecord: 0.0ms)


  
PG::SyntaxError (ERROR:  syntax error at or near ")"
LINE 2: ...California', 'Arizona', 9, true, 'hops, watermelon, mint', )
                                                                      ^
):
  
app/models/beer.rb:45:in `async_exec'
app/models/beer.rb:45:in `create'
app/controllers/beers_controller.rb:14:in `create'
Started POST "/beers/" for ::1 at 2019-06-07 18:53:48 -0500
Processing by BeersController#create as */*
  Parameters: {"date"=>"06/06/19", "brand"=>"White Elephant", "origin"=>"California", "location"=>"Arizona", "rating"=>9, "favorite"=>true, "flavors"=>"hops, watermelon, mint", "beer"=>{"date"=>"06/06/19", "brand"=>"White Elephant", "origin"=>"California", "location"=>"Arizona", "rating"=>9, "favorite"=>true, "flavors"=>"hops, watermelon, mint"}}
Completed 200 OK in 17ms (Views: 0.7ms | ActiveRecord: 0.0ms)


Started GET "/beers/" for ::1 at 2019-06-07 18:54:07 -0500
Processing by BeersController#index as */*
  Parameters: {"date"=>"06/06/19", "brand"=>"White Elephant", "origin"=>"California", "location"=>"Arizona", "rating"=>9, "favorite"=>true, "flavors"=>"hops, watermelon, mint", "beer"=>{"date"=>"06/06/19", "brand"=>"White Elephant", "origin"=>"California", "location"=>"Arizona", "rating"=>9, "favorite"=>true, "flavors"=>"hops, watermelon, mint"}}
Completed 200 OK in 4ms (Views: 1.8ms | ActiveRecord: 0.0ms)


Started GET "/beers/1" for ::1 at 2019-06-07 18:54:22 -0500
Processing by BeersController#show as */*
  Parameters: {"date"=>"06/06/19", "brand"=>"White Elephant", "origin"=>"California", "location"=>"Arizona", "rating"=>9, "favorite"=>true, "flavors"=>"hops, watermelon, mint", "id"=>"1", "beer"=>{"date"=>"06/06/19", "brand"=>"White Elephant", "origin"=>"California", "location"=>"Arizona", "rating"=>9, "favorite"=>true, "flavors"=>"hops, watermelon, mint"}}
Completed 500 Internal Server Error in 1ms (ActiveRecord: 0.0ms)


  
PG::SyntaxError (ERROR:  syntax error at or near "WHERE"
LINE 3:               WHERE entry_id=1
                      ^
):
  
app/models/beer.rb:26:in `async_exec'
app/models/beer.rb:26:in `find'
app/controllers/beers_controller.rb:10:in `show'
Started GET "/beers/0" for ::1 at 2019-06-07 18:54:30 -0500
Processing by BeersController#show as */*
  Parameters: {"date"=>"06/06/19", "brand"=>"White Elephant", "origin"=>"California", "location"=>"Arizona", "rating"=>9, "favorite"=>true, "flavors"=>"hops, watermelon, mint", "id"=>"0", "beer"=>{"date"=>"06/06/19", "brand"=>"White Elephant", "origin"=>"California", "location"=>"Arizona", "rating"=>9, "favorite"=>true, "flavors"=>"hops, watermelon, mint"}}
Completed 500 Internal Server Error in 2ms (ActiveRecord: 0.0ms)


  
PG::SyntaxError (ERROR:  syntax error at or near "WHERE"
LINE 3:               WHERE entry_id=0
                      ^
):
  
app/models/beer.rb:26:in `async_exec'
app/models/beer.rb:26:in `find'
app/controllers/beers_controller.rb:10:in `show'
Started GET "/beers/1" for ::1 at 2019-06-07 18:55:14 -0500
Processing by BeersController#show as */*
  Parameters: {"date"=>"06/06/19", "brand"=>"White Elephant", "origin"=>"California", "location"=>"Arizona", "rating"=>9, "favorite"=>true, "flavors"=>"hops, watermelon, mint", "id"=>"1", "beer"=>{"date"=>"06/06/19", "brand"=>"White Elephant", "origin"=>"California", "location"=>"Arizona", "rating"=>9, "favorite"=>true, "flavors"=>"hops, watermelon, mint"}}
Completed 500 Internal Server Error in 1ms (ActiveRecord: 0.0ms)


  
PG::SyntaxError (ERROR:  syntax error at or near "WHERE"
LINE 3:               WHERE entry_id=1
                      ^
):
  
app/models/beer.rb:26:in `async_exec'
app/models/beer.rb:26:in `find'
app/controllers/beers_controller.rb:10:in `show'
Started GET "/beers/1" for ::1 at 2019-06-07 18:55:44 -0500
Processing by BeersController#show as */*
  Parameters: {"date"=>"06/06/19", "brand"=>"White Elephant", "origin"=>"California", "location"=>"Arizona", "rating"=>9, "favorite"=>true, "flavors"=>"hops, watermelon, mint", "id"=>"1", "beer"=>{"date"=>"06/06/19", "brand"=>"White Elephant", "origin"=>"California", "location"=>"Arizona", "rating"=>9, "favorite"=>true, "flavors"=>"hops, watermelon, mint"}}
Completed 200 OK in 4ms (Views: 0.4ms | ActiveRecord: 0.0ms)


Started DELETE "/beers/1" for ::1 at 2019-06-07 18:56:32 -0500
Processing by BeersController#delete as */*
  Parameters: {"date"=>"06/06/19", "brand"=>"White Elephant", "origin"=>"California", "location"=>"Arizona", "rating"=>9, "favorite"=>true, "flavors"=>"hops, watermelon, mint", "id"=>"1", "beer"=>{"date"=>"06/06/19", "brand"=>"White Elephant", "origin"=>"California", "location"=>"Arizona", "rating"=>9, "favorite"=>true, "flavors"=>"hops, watermelon, mint"}}
Completed 200 OK in 6ms (Views: 0.2ms | ActiveRecord: 0.0ms)


Started GET "/beers" for ::1 at 2019-06-07 18:56:38 -0500
Processing by BeersController#index as */*
  Parameters: {"date"=>"06/06/19", "brand"=>"White Elephant", "origin"=>"California", "location"=>"Arizona", "rating"=>9, "favorite"=>true, "flavors"=>"hops, watermelon, mint", "beer"=>{"date"=>"06/06/19", "brand"=>"White Elephant", "origin"=>"California", "location"=>"Arizona", "rating"=>9, "favorite"=>true, "flavors"=>"hops, watermelon, mint"}}
Completed 200 OK in 2ms (Views: 0.3ms | ActiveRecord: 0.0ms)


Started POST "/beers" for ::1 at 2019-06-07 19:00:08 -0500
Processing by BeersController#create as */*
  Parameters: {"date"=>"06/06/19", "brand"=>"White Elephant", "origin"=>"California", "location"=>"Arizona", "rating"=>9, "favorite"=>true, "flavors"=>"hops, watermelon, mint", "beer"=>{"date"=>"06/06/19", "brand"=>"White Elephant", "origin"=>"California", "location"=>"Arizona", "rating"=>9, "favorite"=>true, "flavors"=>"hops, watermelon, mint"}}
Completed 200 OK in 3ms (Views: 0.3ms | ActiveRecord: 0.0ms)


Started PUT "/beers/2" for ::1 at 2019-06-07 19:00:37 -0500
Processing by BeersController#update as */*
  Parameters: {"date"=>"06/06/19", "brand"=>"White Elephant", "origin"=>"California", "location"=>"Alaska", "rating"=>6, "favorite"=>true, "flavors"=>"hops, watermelon, mint", "id"=>"2", "beer"=>{"date"=>"06/06/19", "brand"=>"White Elephant", "origin"=>"California", "location"=>"Alaska", "rating"=>6, "favorite"=>true, "flavors"=>"hops, watermelon, mint"}}
Completed 200 OK in 12ms (Views: 1.3ms | ActiveRecord: 0.0ms)


Started GET "/coffees" for ::1 at 2019-06-07 19:02:12 -0500
  
ArgumentError (Before process_action callback :verify_authenticity_token has not been defined):
  
app/controllers/coffees_controller.rb:3:in `<class:CoffeesController>'
app/controllers/coffees_controller.rb:1:in `<main>'
Started GET "/coffees" for ::1 at 2019-06-07 19:03:04 -0500
Processing by CoffeesController#index as */*
  Parameters: {"date"=>"06/06/19", "brand"=>"White Elephant", "origin"=>"California", "location"=>"Alaska", "rating"=>6, "favorite"=>true, "flavors"=>"hops, watermelon, mint", "coffee"=>{"date"=>"06/06/19", "brand"=>"White Elephant", "origin"=>"California", "location"=>"Alaska", "rating"=>6, "favorite"=>true, "flavors"=>"hops, watermelon, mint"}}
Completed 200 OK in 6ms (Views: 0.3ms | ActiveRecord: 0.0ms)


Started GET "/foods" for ::1 at 2019-06-07 19:03:50 -0500
  
ArgumentError (Before process_action callback :verify_authenticity_token has not been defined):
  
app/controllers/foods_controller.rb:3:in `<class:FoodsController>'
app/controllers/foods_controller.rb:1:in `<main>'
Started GET "/foods" for ::1 at 2019-06-07 19:04:00 -0500
Processing by FoodsController#index as */*
  Parameters: {"date"=>"06/06/19", "brand"=>"White Elephant", "origin"=>"California", "location"=>"Alaska", "rating"=>6, "favorite"=>true, "flavors"=>"hops, watermelon, mint", "food"=>{"date"=>"06/06/19", "brand"=>"White Elephant", "origin"=>"California", "location"=>"Alaska", "rating"=>6, "favorite"=>true, "flavors"=>"hops, watermelon, mint"}}
Completed 200 OK in 6ms (Views: 0.2ms | ActiveRecord: 0.0ms)


Started GET "/wines" for ::1 at 2019-06-07 19:04:41 -0500
Processing by WinesController#index as */*
  Parameters: {"date"=>"06/06/19", "brand"=>"White Elephant", "origin"=>"California", "location"=>"Alaska", "rating"=>6, "favorite"=>true, "flavors"=>"hops, watermelon, mint", "wine"=>{"date"=>"06/06/19", "brand"=>"White Elephant", "origin"=>"California", "location"=>"Alaska", "rating"=>6, "favorite"=>true, "flavors"=>"hops, watermelon, mint"}}
Completed 500 Internal Server Error in 1ms (ActiveRecord: 0.0ms)


  
LoadError (Unable to autoload constant Wine, expected /Users/josecarlos/Desktop/FlavorBase/FlavorBase-API/flavorbase/app/models/wine.rb to define it):
  
app/controllers/wines_controller.rb:6:in `index'
Started GET "/wines" for ::1 at 2019-06-07 19:05:49 -0500
Processing by WinesController#index as */*
  Parameters: {"date"=>"06/06/19", "brand"=>"White Elephant", "origin"=>"California", "location"=>"Alaska", "rating"=>6, "favorite"=>true, "flavors"=>"hops, watermelon, mint", "wine"=>{"date"=>"06/06/19", "brand"=>"White Elephant", "origin"=>"California", "location"=>"Alaska", "rating"=>6, "favorite"=>true, "flavors"=>"hops, watermelon, mint"}}
Completed 200 OK in 2ms (Views: 0.2ms | ActiveRecord: 0.0ms)


